<?xml version="1.0" encoding="UTF-8"?>
<testng-results ignored="0" total="2" passed="2" failed="0" skipped="0">
  <reporter-output>
  </reporter-output>
  <suite started-at="2024-02-17T18:22:51 IST" name="Suite" finished-at="2024-02-17T18:23:00 IST" duration-ms="9295">
    <groups>
    </groups>
    <test started-at="2024-02-17T18:22:51 IST" name="Test" finished-at="2024-02-17T18:23:00 IST" duration-ms="9295">
      <class name="testCases.TC_002_LoginTest">
        <test-method is-config="true" signature="setup(java.lang.String,java.lang.String)[pri:0, instance:testCases.TC_002_LoginTest@74a6a609]" started-at="2024-02-17T18:22:51 IST" name="setup" finished-at="2024-02-17T18:22:53 IST" duration-ms="2087" status="PASS">
          <params>
            <param index="0">
              <value>
                <![CDATA[Windows]]>
              </value>
            </param>
            <param index="1">
              <value>
                <![CDATA[Chrome]]>
              </value>
            </param>
          </params>
          <reporter-output>
          </reporter-output>
        </test-method> <!-- setup -->
        <test-method signature="verifyLogin()[pri:0, instance:testCases.TC_002_LoginTest@74a6a609]" started-at="2024-02-17T18:22:53 IST" name="verifyLogin" finished-at="2024-02-17T18:22:54 IST" duration-ms="805" status="PASS">
          <reporter-output>
          </reporter-output>
        </test-method> <!-- verifyLogin -->
        <test-method is-config="true" signature="tearDown()[pri:0, instance:testCases.TC_002_LoginTest@74a6a609]" started-at="2024-02-17T18:22:54 IST" name="tearDown" finished-at="2024-02-17T18:22:54 IST" duration-ms="105" status="PASS">
          <reporter-output>
          </reporter-output>
        </test-method> <!-- tearDown -->
      </class> <!-- testCases.TC_002_LoginTest -->
      <class name="testCases.TC_001_AccountRegisttrationTest">
        <test-method is-config="true" signature="setup(java.lang.String,java.lang.String)[pri:0, instance:testCases.TC_001_AccountRegisttrationTest@424fd310]" started-at="2024-02-17T18:22:54 IST" name="setup" finished-at="2024-02-17T18:22:57 IST" duration-ms="3104" status="PASS">
          <params>
            <param index="0">
              <value>
                <![CDATA[Windows]]>
              </value>
            </param>
            <param index="1">
              <value>
                <![CDATA[Chrome]]>
              </value>
            </param>
          </params>
          <reporter-output>
          </reporter-output>
        </test-method> <!-- setup -->
        <test-method signature="verify_account_registration()[pri:0, instance:testCases.TC_001_AccountRegisttrationTest@424fd310]" started-at="2024-02-17T18:22:57 IST" name="verify_account_registration" finished-at="2024-02-17T18:23:00 IST" duration-ms="3038" status="PASS">
          <reporter-output>
          </reporter-output>
        </test-method> <!-- verify_account_registration -->
        <test-method is-config="true" signature="tearDown()[pri:0, instance:testCases.TC_001_AccountRegisttrationTest@424fd310]" started-at="2024-02-17T18:23:00 IST" name="tearDown" finished-at="2024-02-17T18:23:00 IST" duration-ms="130" status="PASS">
          <reporter-output>
          </reporter-output>
        </test-method> <!-- tearDown -->
      </class> <!-- testCases.TC_001_AccountRegisttrationTest -->
    </test> <!-- Test -->
  </suite> <!-- Suite -->
</testng-results>
